\BOOKMARK [1][-]{section.1}{\376\377\220\011\230\230\200\314\146\157\116\016\141\017\116\111}{}% 1
\BOOKMARK [2][-]{subsection.1.1}{\376\377\220\011\230\230\200\314\146\157}{section.1}% 2
\BOOKMARK [2][-]{subsection.1.2}{\376\377\220\011\230\230\141\017\116\111}{section.1}% 3
\BOOKMARK [3][-]{subsubsection.1.2.1}{\376\377\163\260\133\236\141\017\116\111}{subsection.1.2}% 4
\BOOKMARK [3][-]{subsubsection.1.2.2}{\376\377\142\200\147\057\141\017\116\111}{subsection.1.2}% 5
\BOOKMARK [1][-]{section.2}{\376\377\126\375\121\205\131\026\170\024\172\166\163\260\162\266\116\016\122\006\147\220}{}% 6
\BOOKMARK [1][-]{section.3}{\376\377\170\024\172\166\166\204\127\372\147\054\121\205\133\271\116\016\142\337\211\343\121\263\166\204\116\073\211\201\225\356\230\230}{}% 7
\BOOKMARK [2][-]{subsection.3.1}{\376\377\170\024\172\166\166\204\116\073\211\201\121\205\133\271}{section.3}% 8
\BOOKMARK [3][-]{subsubsection.3.1.1}{\376\377\126\376\176\270\150\005\150\074\123\026\123\312\217\146\117\115\224\372\213\276}{subsection.3.1}% 9
\BOOKMARK [3][-]{subsubsection.3.1.2}{\376\377\220\123\215\357\224\372\213\276\152\041\127\213\147\204\136\372}{subsection.3.1}% 10
\BOOKMARK [3][-]{subsubsection.3.1.3}{\376\377\127\060\116\013\217\146\136\223\143\222\136\003\166\204\123\357\211\306\123\026}{subsection.3.1}% 11
\BOOKMARK [3][-]{subsubsection.3.1.4}{\376\377\213\304\117\060\173\227\154\325\143\007\150\007\136\166\116\016\163\260\147\011\170\024\172\166\153\324\217\203}{subsection.3.1}% 12
\BOOKMARK [2][-]{subsection.3.2}{\376\377\142\337\211\343\121\263\166\204\116\073\211\201\225\356\230\230}{section.3}% 13
\BOOKMARK [3][-]{subsubsection.3.2.1}{\376\377\142\337\143\320\121\372\145\260\166\204\220\123\215\357\224\372\213\276\173\227\154\325}{subsection.3.2}% 14
\BOOKMARK [3][-]{subsubsection.3.2.2}{\376\377\142\337\143\320\121\372\145\260\166\204\217\146\117\115\143\222\136\003\173\227\154\325}{subsection.3.2}% 15
\BOOKMARK [3][-]{subsubsection.3.2.3}{\376\377\142\337\133\236\163\260\127\060\116\013\217\146\136\223\143\222\136\003\166\204\123\357\211\306\123\026}{subsection.3.2}% 16
\BOOKMARK [3][-]{subsubsection.3.2.4}{\376\377\142\337\133\371\163\260\147\011\170\024\172\166\173\227\154\325\217\333\210\114\170\024\172\166\116\016\153\324\217\203}{subsection.3.2}% 17
\BOOKMARK [1][-]{section.4}{\376\377\140\073\117\123\170\024\172\166\140\035\215\357\123\312\230\204\147\037\170\024\172\166\142\020\147\234}{}% 18
\BOOKMARK [2][-]{subsection.4.1}{\376\377\142\200\147\057\215\357\176\277\126\376}{section.4}% 19
\BOOKMARK [2][-]{subsection.4.2}{\376\377\135\345\121\167\220\011\127\213}{section.4}% 20
\BOOKMARK [3][-]{subsubsection.4.2.1}{\376\377\000P\000y\000t\000o\000r\000c\000h}{subsection.4.2}% 21
\BOOKMARK [3][-]{subsubsection.4.2.2}{\376\377\000p\000y\000a\000u\000t\000o\000c\000a\000d}{subsection.4.2}% 22
\BOOKMARK [3][-]{subsubsection.4.2.3}{\376\377\000A\000u\000t\000o\000C\000A\000D}{subsection.4.2}% 23
\BOOKMARK [2][-]{subsection.4.3}{\376\377\123\357\210\114\140\047\122\006\147\220}{section.4}% 24
\BOOKMARK [3][-]{subsubsection.4.3.1}{\376\377\164\006\213\272\123\357\210\114\140\047}{subsection.4.3}% 25
\BOOKMARK [3][-]{subsubsection.4.3.2}{\376\377\176\317\155\116\123\357\210\114\140\047}{subsection.4.3}% 26
\BOOKMARK [3][-]{subsubsection.4.3.3}{\376\377\136\224\165\050\123\357\210\114\140\047}{subsection.4.3}% 27
\BOOKMARK [2][-]{subsection.4.4}{\376\377\170\024\172\166\140\035\215\357}{section.4}% 28
\BOOKMARK [3][-]{subsubsection.4.4.1}{\376\377\126\376\176\270\150\005\150\074\123\026\123\312\217\146\117\115\224\372\213\276\166\204\173\227\154\325\213\276\213\241}{subsection.4.4}% 29
\BOOKMARK [3][-]{subsubsection.4.4.2}{\376\377\127\060\116\013\217\146\136\223\143\222\136\003\166\204\173\227\154\325\116\016\133\236\163\260}{subsection.4.4}% 30
\BOOKMARK [3][-]{subsubsection.4.4.3}{\376\377\127\060\116\013\217\146\136\223\143\222\136\003\166\204\123\357\211\306\123\026}{subsection.4.4}% 31
\BOOKMARK [3][-]{subsubsection.4.4.4}{\376\377\213\304\117\060\173\227\154\325\143\007\150\007\136\166\116\016\163\260\147\011\170\024\172\166\153\324\217\203}{subsection.4.4}% 32
\BOOKMARK [2][-]{subsection.4.5}{\376\377\227\136\142\200\147\057\126\340\175\040}{section.4}% 33
\BOOKMARK [2][-]{subsection.4.6}{\376\377\230\204\147\037\170\024\172\166\142\020\147\234}{section.4}% 34
\BOOKMARK [1][-]{section.5}{\376\377\170\024\172\166\135\345\117\134\213\241\122\022}{}% 35
